<?xml version="1.0" encoding="UTF-8"?>
<!-- Generated by org.testng.reporters.JUnitReportReporter -->
<testsuite hostname="Girish" failures="0" tests="1" name="com.cast.crm.contacttest.CreateContactWithOrganizationTest_TC__006" time="41.239" errors="0" timestamp="2025-09-08T19:50:13 IST" skipped="0">
  <testcase classname="com.cast.crm.contacttest.CreateContactWithOrganizationTest_TC__006" name="createContactTestWithOrg" time="41.239"/>
  <system-out/>
</testsuite> <!-- com.cast.crm.contacttest.CreateContactWithOrganizationTest_TC__006 -->
