<?xml version="1.0" encoding="UTF-8"?>
<!-- Generated by org.testng.reporters.JUnitReportReporter -->
<testsuite hostname="Girish" failures="0" tests="3" name="practise.testng.SampleTest" time="0.017" errors="0" timestamp="2025-09-04T15:20:12 IST" skipped="0">
  <testcase classname="practise.testng.SampleTest" name="modifyContactTest" time="0.005"/>
  <system-out/>
  <testcase classname="practise.testng.SampleTest" name="CreateContactWithMobileNumberTest" time="0.004"/>
  <system-out/>
  <testcase classname="practise.testng.SampleTest" name="CreateContactTest" time="0.008"/>
  <system-out/>
</testsuite> <!-- practise.testng.SampleTest -->
