<?xml version="1.0" encoding="UTF-8"?>
<!-- Generated by org.testng.reporters.JUnitReportReporter -->
<testsuite hostname="Girish" failures="0" tests="3" name="practise.testng.GetProductInfoTest" time="26.619" errors="0" timestamp="2025-09-05T21:51:58 IST" skipped="0">
  <testcase classname="practise.testng.GetProductInfoTest" name="getProductInfoTest" time="6.024"/>
  <system-out/>
  <testcase classname="practise.testng.GetProductInfoTest" name="getProductInfoTest" time="10.764"/>
  <system-out/>
  <testcase classname="practise.testng.GetProductInfoTest" name="getProductInfoTest" time="9.831"/>
  <system-out/>
</testsuite> <!-- practise.testng.GetProductInfoTest -->
