<?xml version="1.0" encoding="UTF-8"?>
<!-- Generated by org.testng.reporters.JUnitReportReporter -->
<testsuite hostname="Girish" failures="0" tests="1" name="com.cast.crm.orgtest.CreateOrganizationAndDelete" time="52.192" errors="0" timestamp="2025-09-06T15:46:57 IST" skipped="0">
  <testcase classname="com.cast.crm.orgtest.CreateOrganizationAndDelete" name="createOrg" time="52.192"/>
  <system-out/>
</testsuite> <!-- com.cast.crm.orgtest.CreateOrganizationAndDelete -->
