<?xml version="1.0" encoding="UTF-8"?>
<!-- Generated by org.testng.reporters.JUnitReportReporter -->
<testsuite hostname="Girish" failures="0" tests="1" name="practise.testng.SampleReportTest" time="3.151" errors="0" timestamp="2025-09-11T12:48:56 IST" skipped="0">
  <testcase classname="practise.testng.SampleReportTest" name="createContactTest" time="3.151"/>
  <system-out/>
</testsuite> <!-- practise.testng.SampleReportTest -->
