<?xml version="1.0" encoding="UTF-8"?>
<!-- Generated by org.testng.reporters.JUnitReportReporter -->
<testsuite hostname="Girish" failures="0" tests="1" name="practise.testng.SampleTestScreenShot" time="3.896" errors="0" timestamp="2025-09-10T16:36:34 IST" skipped="0">
  <testcase classname="practise.testng.SampleTestScreenShot" name="amazonTest" time="3.896"/>
  <system-out/>
</testsuite> <!-- practise.testng.SampleTestScreenShot -->
