<?xml version="1.0" encoding="UTF-8"?>
<!-- Generated by org.testng.reporters.JUnitReportReporter -->
<testsuite hostname="Girish" failures="0" tests="10" name="practise.testng.WorkingWithInvocationCount" time="0.046" errors="0" timestamp="2025-09-05T15:32:47 IST" skipped="0">
  <testcase classname="practise.testng.WorkingWithInvocationCount" name="createOrderInCRM" time="0.003"/>
  <system-out/>
  <testcase classname="practise.testng.WorkingWithInvocationCount" name="createOrderInCRM" time="0.005"/>
  <system-out/>
  <testcase classname="practise.testng.WorkingWithInvocationCount" name="createOrderInCRM" time="0.005"/>
  <system-out/>
  <testcase classname="practise.testng.WorkingWithInvocationCount" name="createOrderInCRM" time="0.004"/>
  <system-out/>
  <testcase classname="practise.testng.WorkingWithInvocationCount" name="createOrderInCRM" time="0.011"/>
  <system-out/>
  <testcase classname="practise.testng.WorkingWithInvocationCount" name="createOrderInCRM" time="0.003"/>
  <system-out/>
  <testcase classname="practise.testng.WorkingWithInvocationCount" name="createOrderInCRM" time="0.002"/>
  <system-out/>
  <testcase classname="practise.testng.WorkingWithInvocationCount" name="createOrderInCRM" time="0.004"/>
  <system-out/>
  <testcase classname="practise.testng.WorkingWithInvocationCount" name="createOrderInCRM" time="0.007"/>
  <system-out/>
  <testcase classname="practise.testng.WorkingWithInvocationCount" name="createOrderInCRM" time="0.002"/>
  <system-out/>
</testsuite> <!-- practise.testng.WorkingWithInvocationCount -->
