<?xml version="1.0" encoding="UTF-8"?>
<!-- Generated by org.testng.reporters.JUnitReportReporter -->
<testsuite hostname="Girish" failures="0" tests="6" name="practise.testng.CreateContactWithDataProviderTest" time="0.027" errors="0" timestamp="2025-09-05T15:43:41 IST" skipped="0">
  <testcase classname="practise.testng.CreateContactWithDataProviderTest" name="createContactWithDataProviderTest" time="0.003"/>
  <system-out/>
  <testcase classname="practise.testng.CreateContactWithDataProviderTest" name="createContactWithDataProviderTest" time="0.004"/>
  <system-out/>
  <testcase classname="practise.testng.CreateContactWithDataProviderTest" name="createContactWithDataProviderTest" time="0.003"/>
  <system-out/>
  <testcase classname="practise.testng.CreateContactWithDataProviderTest" name="createContactWithDataProviderTest" time="0.003"/>
  <system-out/>
  <testcase classname="practise.testng.CreateContactWithDataProviderTest" name="createContactWithDataProviderTest" time="0.005"/>
  <system-out/>
  <testcase classname="practise.testng.CreateContactWithDataProviderTest" name="createContactWithDataProviderTest" time="0.009"/>
  <system-out/>
</testsuite> <!-- practise.testng.CreateContactWithDataProviderTest -->
