<?xml version="1.0" encoding="UTF-8"?>
<!-- Generated by org.testng.reporters.JUnitReportReporter -->
<testsuite hostname="Girish" failures="0" tests="1" name="practise.testng.ContactTest" time="0.011" errors="0" timestamp="2025-09-04T15:26:30 IST" skipped="0">
  <testcase classname="practise.testng.ContactTest" name="modifyContactTest" time="0.011"/>
  <system-out/>
</testsuite> <!-- practise.testng.ContactTest -->
