<?xml version="1.0" encoding="UTF-8"?>
<!-- Generated by org.testng.reporters.JUnitReportReporter -->
<testsuite hostname="Girish" failures="0" tests="1" name="com.cast.crm.orgtest.CreateOrganizationWithPhoneNumberTest_TC__03" time="32.115" errors="0" timestamp="2025-09-05T19:39:40 IST" skipped="0">
  <testcase classname="com.cast.crm.orgtest.CreateOrganizationWithPhoneNumberTest_TC__03" name="createOrganizationWithPhoneNumber" time="32.115"/>
  <system-out/>
</testsuite> <!-- com.cast.crm.orgtest.CreateOrganizationWithPhoneNumberTest_TC__03 -->
