<?xml version="1.0" encoding="UTF-8"?>
<!-- Generated by org.testng.reporters.JUnitReportReporter -->
<testsuite hostname="Girish" failures="0" tests="1" name="com.cast.crm.orgtest.CreateOrganizationTest_TC__01" time="27.931" errors="0" timestamp="2025-09-08T19:20:53 IST" skipped="0">
  <testcase classname="com.cast.crm.orgtest.CreateOrganizationTest_TC__01" name="createOrg" time="27.931"/>
  <system-out/>
</testsuite> <!-- com.cast.crm.orgtest.CreateOrganizationTest_TC__01 -->
