<?xml version="1.0" encoding="UTF-8"?>
<!-- Generated by org.testng.reporters.JUnitReportReporter -->
<testsuite hostname="Girish" failures="0" tests="1" name="com.cast.crm.orgtest.CreateOrganizationTest_TC__001" time="14.585" errors="0" timestamp="2025-09-01T15:46:10 IST" skipped="0">
  <testcase classname="com.cast.crm.orgtest.CreateOrganizationTest_TC__001" name="createOrg" time="14.585"/>
  <system-out/>
</testsuite> <!-- com.cast.crm.orgtest.CreateOrganizationTest_TC__001 -->
