<?xml version="1.0" encoding="UTF-8"?>
<!-- Generated by org.testng.reporters.JUnitReportReporter -->
<testsuite hostname="Girish" failures="0" tests="1" name="com.cast.crm.contacttest.CreateContactTest_TC_004" time="25.466" errors="0" timestamp="2025-09-08T19:40:18 IST" skipped="0">
  <testcase classname="com.cast.crm.contacttest.CreateContactTest_TC_004" name="createContactTest" time="25.466"/>
  <system-out/>
</testsuite> <!-- com.cast.crm.contacttest.CreateContactTest_TC_004 -->
