<?xml version="1.0" encoding="UTF-8"?>
<!-- Generated by org.testng.reporters.JUnitReportReporter -->
<testsuite hostname="Girish" failures="0" tests="1" name="com.cast.crm.orgtest.CreateOrganizationTest" time="13.309" errors="0" timestamp="2025-09-17T16:26:01 IST" skipped="0">
  <testcase classname="com.cast.crm.orgtest.CreateOrganizationTest" name="createOrgTest" time="13.309"/>
  <system-out/>
</testsuite> <!-- com.cast.crm.orgtest.CreateOrganizationTest -->
