<?xml version="1.0" encoding="UTF-8"?>
<!-- Generated by org.testng.reporters.JUnitReportReporter -->
<testsuite hostname="Girish" failures="0" tests="1" name="com.cast.crm.orgtest.CreateOrganizationWithIndustryAndTypeTest_TC_02" time="26.163" errors="0" timestamp="2025-09-08T19:24:25 IST" skipped="0">
  <testcase classname="com.cast.crm.orgtest.CreateOrganizationWithIndustryAndTypeTest_TC_02" name="createOrganizationWithIndustryType" time="26.163"/>
  <system-out/>
</testsuite> <!-- com.cast.crm.orgtest.CreateOrganizationWithIndustryAndTypeTest_TC_02 -->
