<?xml version="1.0" encoding="UTF-8"?>
<!-- Generated by org.testng.reporters.JUnitReportReporter -->
<testsuite hostname="Girish" failures="0" tests="1" name="com.cast.crm.contacttest.CreateContactWithSupportDate_TC_005" time="25.366" errors="0" timestamp="2025-09-08T19:42:15 IST" skipped="0">
  <testcase classname="com.cast.crm.contacttest.CreateContactWithSupportDate_TC_005" name="createContactTest" time="25.366"/>
  <system-out/>
</testsuite> <!-- com.cast.crm.contacttest.CreateContactWithSupportDate_TC_005 -->
